[21:35:09] [main/INFO]: Setting user: Player490
[21:35:10] [Client thread/INFO]: LWJGL Version: 2.9.1
[21:35:18] [Client thread/INFO]: Reloading ResourceManager: Default, FMLFileResourcePack:Forge Mod Loader, FMLFileResourcePack:Minecraft Forge, FMLFileResourcePack:ArcaneMystic
[21:35:18] [Sound Library Loader/INFO]: Sound engine started
[21:35:19] [Client thread/INFO]: Created: 16x16 textures/blocks-atlas
[21:35:19] [Client thread/INFO]: Created: 16x16 textures/items-atlas
[21:35:19] [Client thread/INFO]: Reloading ResourceManager: Default, FMLFileResourcePack:Forge Mod Loader, FMLFileResourcePack:Minecraft Forge, FMLFileResourcePack:ArcaneMystic
[21:35:19] [Client thread/INFO]: Created: 512x256 textures/blocks-atlas
[21:35:19] [Client thread/INFO]: Created: 256x256 textures/items-atlas
[21:35:20] [Sound Library Loader/INFO]: Sound engine started
[21:35:23] [Server thread/INFO]: Starting integrated minecraft server version 1.7.10
[21:35:23] [Server thread/INFO]: Generating keypair
[21:35:26] [Server thread/INFO]: Preparing start region for level 0
[21:35:26] [Server thread/INFO]: Changing view distance to 8, from 10
[21:35:26] [Server thread/INFO]: Player490[local:E:2d78f8aa] logged in with entity id 268 at (-53.5, 67.0, 141.5)
[21:35:26] [Server thread/INFO]: Player490 присоединился к игре
[21:35:27] [Server thread/INFO]: Player490 заработал достижение [Проверить карманы]
[21:35:27] [Client thread/INFO]: [CHAT] Player490 заработал достижение [Проверить карманы]
[21:36:02] [Client thread/INFO]: [CHAT] /gamemode, /gamerule
[21:36:02] [Client thread/INFO]: [CHAT] /gamemode, /gamerule
[21:36:03] [Client thread/INFO]: [CHAT] /gamemode, /gamerule
[21:36:03] [Server thread/INFO]: [Player490: Ваш режим игры изменён на Выживание]
[21:36:03] [Client thread/INFO]: [CHAT] Ваш игровой режим обновлён
[21:36:44] [Client thread/INFO]: [CHAT] Wolf, Witch, WitherBoss, WitherSkull
[21:36:45] [Client thread/INFO]: [CHAT] Wolf, Witch, WitherBoss, WitherSkull
[21:36:45] [Client thread/INFO]: [CHAT] Wolf, Witch, WitherBoss, WitherSkull
[21:36:46] [Server thread/INFO]: [Player490: Объект успешно вызван]
[21:36:46] [Client thread/INFO]: [CHAT] Объект успешно вызван
[21:37:09] [Server thread/INFO]: Saving and pausing game...
[21:37:09] [Server thread/INFO]: Saving chunks for level 'New World'/Overworld
[21:37:09] [Server thread/INFO]: Saving chunks for level 'New World'/Nether
[21:37:09] [Server thread/INFO]: Saving chunks for level 'New World'/The End
